c:\users\gro\source\repos\roguelike_1\x64\debug\vc142.pdb
c:\users\gro\source\repos\roguelike_1\x64\debug\vc142.idb
c:\users\gro\source\repos\roguelike_1\x64\debug\roguelike_1.obj
c:\users\gro\source\repos\roguelike_1\x64\debug\levelmanager.obj
c:\users\gro\source\repos\roguelike_1\x64\debug\enemy.obj
c:\users\gro\source\repos\roguelike_1\x64\debug\player.obj
c:\users\gro\source\repos\roguelike_1\x64\debug\menu.obj
c:\users\gro\source\repos\roguelike_1\x64\debug\imgui_widgets.obj
c:\users\gro\source\repos\roguelike_1\x64\debug\imgui_tables.obj
c:\users\gro\source\repos\roguelike_1\x64\debug\imgui_impl_opengl3.obj
c:\users\gro\source\repos\roguelike_1\x64\debug\imgui_impl_glfw.obj
c:\users\gro\source\repos\roguelike_1\x64\debug\imgui_draw.obj
c:\users\gro\source\repos\roguelike_1\x64\debug\imgui_demo.obj
c:\users\gro\source\repos\roguelike_1\x64\debug\imgui.obj
c:\users\gro\source\repos\roguelike_1\x64\debug\glad.obj
c:\users\gro\source\repos\roguelike_1\x64\debug\roguelike_1.exe
c:\users\gro\source\repos\roguelike_1\x64\debug\roguelike_1.ilk
c:\users\gro\source\repos\roguelike_1\x64\debug\roguelike_1.pdb
c:\users\gro\source\repos\roguelike_1\x64\debug\roguelike_1.res
c:\users\gro\source\repos\roguelike_1\x64\debug\roguelike_1.tlog\cl.command.1.tlog
c:\users\gro\source\repos\roguelike_1\x64\debug\roguelike_1.tlog\cl.read.1.tlog
c:\users\gro\source\repos\roguelike_1\x64\debug\roguelike_1.tlog\cl.write.1.tlog
c:\users\gro\source\repos\roguelike_1\x64\debug\roguelike_1.tlog\link.command.1.tlog
c:\users\gro\source\repos\roguelike_1\x64\debug\roguelike_1.tlog\link.read.1.tlog
c:\users\gro\source\repos\roguelike_1\x64\debug\roguelike_1.tlog\link.write.1.tlog
c:\users\gro\source\repos\roguelike_1\x64\debug\roguelike_1.tlog\rc.command.1.tlog
c:\users\gro\source\repos\roguelike_1\x64\debug\roguelike_1.tlog\rc.read.1.tlog
c:\users\gro\source\repos\roguelike_1\x64\debug\roguelike_1.tlog\rc.write.1.tlog
